#
# A fatal error has been detected by the Java Runtime Environment:
#
#  EXCEPTION_ACCESS_VIOLATION (0xc0000005) at pc=0x00007ffb5573ae39, pid=23760, tid=1360
#
# JRE version: OpenJDK Runtime Environment (16.0.2+7) (build 16.0.2+7-67)
# Java VM: OpenJDK 64-Bit Server VM (16.0.2+7-67, mixed mode, tiered, compressed oops, compressed class ptrs, g1 gc, windows-amd64)
# Problematic frame:
# V  [jvm.dll+0x23ae39]
#
# No core dump will be written. Minidumps are not enabled by default on client versions of Windows
#
# If you would like to submit a bug report, please visit:
#   https://bugreport.java.com/bugreport/crash.jsp
#

---------------  S U M M A R Y ------------

Command Line: -XX:+ShowCodeDetailsInExceptionMessages -agentlib:jdwp=transport=dt_socket,suspend=y,address=localhost:59721 -Dcom.sun.management.jmxremote -Dcom.sun.management.jmxremote.port=59720 -Dcom.sun.management.jmxremote.authenticate=false -Dcom.sun.management.jmxremote.ssl=false -Djava.rmi.server.hostname=localhost -Dspring.jmx.enabled=true -Dspring.application.admin.enabled=true -XX:TieredStopAtLevel=1 -Dspring.boot.project.name=SpringQuiz -javaagent:C:\Users\kitew\박수현_java\5.spring\sts-4.11.1.RELEASE_Quiz\configuration\org.eclipse.osgi\258\0\.cp\lib\javaagent-shaded.jar -Dfile.encoding=UTF-8 com.quiz.SpringQuizApplication --spring.output.ansi.enabled=always --debug

Host: Intel(R) Core(TM) i7-10510U CPU @ 1.80GHz, 8 cores, 15G,  Windows 10 , 64 bit Build 19041 (10.0.19041.1151)
Time: Thu Sep  2 19:47:51 2021  Windows 10 , 64 bit Build 19041 (10.0.19041.1151) elapsed time: 68.145074 seconds (0d 0h 1m 8s)

---------------  T H R E A D  ---------------

Current thread (0x000001559d020760):  VMThread "VM Thread" [stack: 0x0000001f32900000,0x0000001f32a00000] [id=1360]

Stack: [0x0000001f32900000,0x0000001f32a00000],  sp=0x0000001f329ff110,  free space=1020k
Native frames: (J=compiled Java code, j=interpreted, Vv=VM code, C=native code)
V  [jvm.dll+0x23ae39]
V  [jvm.dll+0x61ebc0]
V  [jvm.dll+0x61f62f]
V  [jvm.dll+0x523ffd]
V  [jvm.dll+0x527bff]
V  [jvm.dll+0x5256cb]
V  [jvm.dll+0x7d00ab]
V  [jvm.dll+0x7d0da4]
V  [jvm.dll+0x7d12a9]
V  [jvm.dll+0x7d1564]
V  [jvm.dll+0x7d1630]
V  [jvm.dll+0x7795aa]
V  [jvm.dll+0x667066]
C  [ucrtbase.dll+0x21bb2]
C  [KERNEL32.DLL+0x17034]
C  [ntdll.dll+0x52651]


siginfo: EXCEPTION_ACCESS_VIOLATION (0xc0000005), reading address 0x00000155a664e5b8


Register to memory mapping:

RIP=0x00007ffb5573ae39 jvm.dll
RAX=2097152 is a compressed pointer to class: 0x0000000800200000
org.springframework.core.convert.ConverterNotFoundException {0x0000000800200008}
RBX=0x00000155a4463688 is pointing into metadata
RCX=0x00000155a644e5b8 is pointing into metadata
RDX=0x000000000000ffff is an unknown value
RSP=0x0000001f329ff110 points into unknown readable memory: 0x00007ffb56010980 | 80 09 01 56 fb 7f 00 00
RBP=0x0000001f329ff209 points into unknown readable memory: 07 02 9d 55 01 00 00
RSI=0x000000000000ffff is an unknown value
RDI=0x000000000000ffff is an unknown value
R8 ={method} {0x00000155a4463d50} 'lastSellerInfo' '(Lorg/springframework/ui/Model;Ljava/lang/Integer;)Ljava/lang/String;' in 'com/quiz/lesson04/SellerController'
R9 =0x0000000000000003 is an unknown value
R10=0x000001559d00feb0 points into unknown readable memory: 0x0000001e00000002 | 02 00 00 00 1e 00 00 00
R11={method} {0x00000155a4463d50} 'lastSellerInfo' '(Lorg/springframework/ui/Model;Ljava/lang/Integer;)Ljava/lang/String;' in 'com/quiz/lesson04/SellerController'
R12=0x0000000000000018 is an unknown value
R13={method} {0x00000155a3a9bd00} 'lastSellerInfo' '(Lorg/springframework/ui/Model;Ljava/lang/Integer;)Ljava/lang/String;' in 'com/quiz/lesson04/SellerController'
R14=0x00000155a4463cbd is pointing into metadata
R15=0x00007ffb55500000 jvm.dll


Registers:
RAX=0x0000000000200000, RBX=0x00000155a4463688, RCX=0x00000155a644e5b8, RDX=0x000000000000ffff
RSP=0x0000001f329ff110, RBP=0x0000001f329ff209, RSI=0x000000000000ffff, RDI=0x000000000000ffff
R8 =0x00000155a4463d48, R9 =0x0000000000000003, R10=0x000001559d00feb0, R11=0x00000155a4463d48
R12=0x0000000000000018, R13=0x00000155a3a9bcf8, R14=0x00000155a4463cbd, R15=0x00007ffb55500000
RIP=0x00007ffb5573ae39, EFLAGS=0x0000000000010206

Top of Stack: (sp=0x0000001f329ff110)
0x0000001f329ff110:   00007ffb56010980 00007ffb55da3010
0x0000001f329ff120:   00000155a4463af8 0000000000000012
0x0000001f329ff130:   0000000000000001 00007ffb55b1ebc0
0x0000001f329ff140:   00000000000000b4 0000000000000003
0x0000001f329ff150:   0000000000000017 0000001f329ff209
0x0000001f329ff160:   0000001f329ff1d0 00007ffb556250fe
0x0000001f329ff170:   00000155a4463d48 00000155a4463af8
0x0000001f329ff180:   00000000000000e6 00000155a4463b18
0x0000001f329ff190:   00000000000000b4 00007ffb55b1f62f
0x0000001f329ff1a0:   00000000000000b4 0000001f329ff209
0x0000001f329ff1b0:   00000000000000b4 0000001f329ff309
0x0000001f329ff1c0:   00000155a4463d48 000001559d020760
0x0000001f329ff1d0:   00000155a4463d48 000001559d020760
0x0000001f329ff1e0:   0000000800000005 000000b400000032
0x0000001f329ff1f0:   0000000000000000 00000000000000b4
0x0000001f329ff200:   00000155a3a9bcf8 000001559d020760 

Instructions: (pc=0x00007ffb5573ae39)
0x00007ffb5573ad39:   18 57 48 83 ec 30 48 63 da 49 8b f0 48 8b f9 85
0x00007ffb5573ad49:   d2 79 24 4c 8d 0d 8d 8a 69 00 ba b4 02 00 00 4c
0x00007ffb5573ad59:   8d 05 b9 8a 69 00 48 8d 0d 22 8a 69 00 e8 d5 7d
0x00007ffb5573ad69:   00 00 e8 d0 cf 42 00 48 8b 57 10 48 85 d2 74 0f
0x00007ffb5573ad79:   48 8d 43 01 48 c1 e0 05 48 8b 04 10 0f b7 d8 48
0x00007ffb5573ad89:   63 c3 48 8d 54 24 40 48 89 7c 24 20 48 89 74 24
0x00007ffb5573ad99:   28 48 8b 8e 88 02 00 00 8b 5c c7 48 48 89 7c 24
0x00007ffb5573ada9:   40 e8 51 f9 dc ff 0f b7 d3 48 8d 4c 24 20 4c 8b
0x00007ffb5573adb9:   ce 41 b0 01 e8 ae fb ff ff 48 8d 4c 24 20 48 8b
0x00007ffb5573adc9:   d8 e8 f1 6e 10 00 48 8b 74 24 50 48 8b c3 48 8b
0x00007ffb5573add9:   5c 24 48 48 83 c4 30 5f c3 cc cc cc cc cc cc cc
0x00007ffb5573ade9:   cc cc cc cc cc cc cc 48 89 5c 24 08 57 48 83 ec
0x00007ffb5573adf9:   20 48 63 fa 48 8b d9 85 d2 79 24 4c 8d 0d d5 89
0x00007ffb5573ae09:   69 00 ba b4 02 00 00 4c 8d 05 01 8a 69 00 48 8d
0x00007ffb5573ae19:   0d 6a 89 69 00 e8 1d 7d 00 00 e8 18 cf 42 00 48
0x00007ffb5573ae29:   8b 4b 10 48 85 c9 74 0f 48 8d 47 01 48 c1 e0 05
0x00007ffb5573ae39:   48 8b 04 08 0f b7 f8 48 63 c7 0f b7 4c c3 48 0f
0x00007ffb5573ae49:   b7 44 cb 4a 48 8b 44 c3 48 48 8b 5c 24 30 48 83
0x00007ffb5573ae59:   c4 20 5f c3 cc cc cc 48 8b 49 20 48 8b 09 e9 24
0x00007ffb5573ae69:   5e 00 00 cc cc cc cc 4c 8b 41 20 4d 8b 00 e9 54
0x00007ffb5573ae79:   02 00 00 cc cc cc cc 48 89 5c 24 18 56 57 41 56
0x00007ffb5573ae89:   48 83 ec 20 48 83 3d 2b bb 88 00 00 4c 8b f2 48
0x00007ffb5573ae99:   8b f9 74 0f 48 8b d1 48 8d 0d b9 88 69 00 e8 c4
0x00007ffb5573aea9:   e3 e6 ff 45 33 c0 41 8d 50 17 8d 4a 11 e8 c5 d7
0x00007ffb5573aeb9:   e6 ff 33 db 48 85 c0 74 22 48 8d 0d 1f 7f 66 00
0x00007ffb5573aec9:   89 58 08 48 89 08 48 8d 4f 08 48 89 48 20 88 58
0x00007ffb5573aed9:   0c 48 89 58 10 48 89 58 18 eb 03 48 8b c3 48 8b
0x00007ffb5573aee9:   d0 49 8b ce e8 8e 5d 3d 00 45 33 c0 41 8d 50 17
0x00007ffb5573aef9:   8d 4a 11 e8 7f d7 e6 ff 48 85 c0 74 27 48 8d 0d
0x00007ffb5573af09:   63 8d 69 00 c7 40 08 02 00 00 00 48 89 08 48 8d
0x00007ffb5573af19:   4f 10 48 89 48 20 c6 40 0c 00 48 89 58 10 48 89
0x00007ffb5573af29:   58 18 eb 03 48 8b c3 48 8b d0 49 8b ce e8 45 5d 


Stack slot to memory mapping:
stack at sp + 0 slots: 0x00007ffb56010980 jvm.dll
stack at sp + 1 slots: 0x00007ffb55da3010 jvm.dll
stack at sp + 2 slots: 0x00000155a4463af8 is pointing into metadata
stack at sp + 3 slots: 0x0000000000000012 is an unknown value
stack at sp + 4 slots: 0x0000000000000001 is an unknown value
stack at sp + 5 slots: 0x00007ffb55b1ebc0 jvm.dll
stack at sp + 6 slots: 0x00000000000000b4 is an unknown value
stack at sp + 7 slots: 0x0000000000000003 is an unknown value

VM_Operation (0x0000001f333ff4a0): RedefineClasses, mode: safepoint, requested by thread 0x000001559d2820e0, redefining class com.quiz.lesson04.SellerController



---------------  P R O C E S S  ---------------

Threads class SMR info:
_java_thread_list=0x00000155a4c00340, length=38, elements={
0x000001559d033250, 0x000001559d033d60, 0x000001559d063d90, 0x000001559d092010,
0x000001559d096d40, 0x000001559d09f660, 0x000001559d0a3470, 0x000001559d0a3dc0,
0x000001559d20af30, 0x000001559d2820e0, 0x000001559d282fd0, 0x000001559d289840,
0x000001559d93c520, 0x000001559dafdf00, 0x000001559daffa50, 0x000001559db139b0,
0x00000155a1daa4d0, 0x00000155a1e3b950, 0x000001559d92d040, 0x000001559d92caf0,
0x000001559d92bb00, 0x000001559d92a070, 0x000001559d92c050, 0x000001559d92c5a0,
0x000001559d92ab10, 0x000001559d92b060, 0x00000155a4a421b0, 0x00000155a4a476b0,
0x00000155a4a49be0, 0x00000155a4a46170, 0x00000155a4a44190, 0x00000155a4a446e0,
0x00000155a4a45c20, 0x00000155a4a466c0, 0x00000155a4a47c00, 0x00000155a4a46c10,
0x00000155a4a47160, 0x00000155a4a48150
}

Java Threads: ( => current thread )
  0x000001559d033250 JavaThread "Reference Handler" daemon [_thread_blocked, id=36904, stack(0x0000001f32a00000,0x0000001f32b00000)]
  0x000001559d033d60 JavaThread "Finalizer" daemon [_thread_blocked, id=34524, stack(0x0000001f32b00000,0x0000001f32c00000)]
  0x000001559d063d90 JavaThread "Signal Dispatcher" daemon [_thread_blocked, id=37912, stack(0x0000001f32c00000,0x0000001f32d00000)]
  0x000001559d092010 JavaThread "Attach Listener" daemon [_thread_blocked, id=42128, stack(0x0000001f32d00000,0x0000001f32e00000)]
  0x000001559d096d40 JavaThread "Service Thread" daemon [_thread_blocked, id=42076, stack(0x0000001f32e00000,0x0000001f32f00000)]
  0x000001559d09f660 JavaThread "Monitor Deflation Thread" daemon [_thread_blocked, id=18420, stack(0x0000001f32f00000,0x0000001f33000000)]
  0x000001559d0a3470 JavaThread "C1 CompilerThread0" daemon [_thread_blocked, id=6976, stack(0x0000001f33000000,0x0000001f33100000)]
  0x000001559d0a3dc0 JavaThread "Sweeper thread" daemon [_thread_blocked, id=41744, stack(0x0000001f33100000,0x0000001f33200000)]
  0x000001559d20af30 JavaThread "Common-Cleaner" daemon [_thread_blocked, id=35284, stack(0x0000001f33200000,0x0000001f33300000)]
  0x000001559d2820e0 JavaThread "JDWP Transport Listener: dt_socket" daemon [_thread_blocked, id=41520, stack(0x0000001f33300000,0x0000001f33400000)]
  0x000001559d282fd0 JavaThread "JDWP Event Helper Thread" daemon [_thread_blocked, id=42972, stack(0x0000001f33400000,0x0000001f33500000)]
  0x000001559d289840 JavaThread "JDWP Command Reader" daemon [_thread_in_native, id=28592, stack(0x0000001f33500000,0x0000001f33600000)]
  0x000001559d93c520 JavaThread "Notification Thread" daemon [_thread_blocked, id=31896, stack(0x0000001f33600000,0x0000001f33700000)]
  0x000001559dafdf00 JavaThread "RMI TCP Accept-0" daemon [_thread_in_native, id=27380, stack(0x0000001f33700000,0x0000001f33800000)]
  0x000001559daffa50 JavaThread "RMI TCP Accept-59720" daemon [_thread_in_native, id=23796, stack(0x0000001f33800000,0x0000001f33900000)]
  0x000001559db139b0 JavaThread "RMI TCP Accept-0" daemon [_thread_in_native, id=3228, stack(0x0000001f33900000,0x0000001f33a00000)]
  0x00000155a1daa4d0 JavaThread "RMI TCP Connection(idle)" daemon [_thread_blocked, id=39908, stack(0x0000001f34400000,0x0000001f34500000)]
  0x00000155a1e3b950 JavaThread "RMI Scheduler(0)" daemon [_thread_blocked, id=30828, stack(0x0000001f34500000,0x0000001f34600000)]
  0x000001559d92d040 JavaThread "RMI TCP Connection(8)-127.0.0.1" daemon [_thread_in_native, id=38496, stack(0x0000001f34600000,0x0000001f34700000)]
  0x000001559d92caf0 JavaThread "JMX server connection timeout 29" daemon [_thread_blocked, id=17052, stack(0x0000001f34700000,0x0000001f34800000)]
  0x000001559d92bb00 JavaThread "Catalina-utility-1" [_thread_blocked, id=20672, stack(0x0000001f34900000,0x0000001f34a00000)]
  0x000001559d92a070 JavaThread "Catalina-utility-2" [_thread_blocked, id=34856, stack(0x0000001f34a00000,0x0000001f34b00000)]
  0x000001559d92c050 JavaThread "container-0" [_thread_blocked, id=11520, stack(0x0000001f34b00000,0x0000001f34c00000)]
  0x000001559d92c5a0 JavaThread "mysql-cj-abandoned-connection-cleanup" daemon [_thread_blocked, id=36280, stack(0x0000001f34c00000,0x0000001f34d00000)]
  0x000001559d92ab10 JavaThread "File Watcher" daemon [_thread_blocked, id=34888, stack(0x0000001f34d00000,0x0000001f34e00000)]
  0x000001559d92b060 JavaThread "Live Reload Server" daemon [_thread_in_native, id=3372, stack(0x0000001f34f00000,0x0000001f35000000)]
  0x00000155a4a421b0 JavaThread "http-nio-8080-Poller" daemon [_thread_in_native, id=34424, stack(0x0000001f34e00000,0x0000001f34f00000)]
  0x00000155a4a476b0 JavaThread "http-nio-8080-Acceptor" daemon [_thread_in_native, id=11648, stack(0x0000001f35000000,0x0000001f35100000)]
  0x00000155a4a49be0 JavaThread "DestroyJavaVM" [_thread_blocked, id=18036, stack(0x0000001f32300000,0x0000001f32400000)]
  0x00000155a4a46170 JavaThread "RMI TCP Connection(idle)" daemon [_thread_blocked, id=29836, stack(0x0000001f34300000,0x0000001f34400000)]
  0x00000155a4a44190 JavaThread "RMI TCP Connection(idle)" daemon [_thread_blocked, id=16324, stack(0x0000001f35100000,0x0000001f35200000)]
  0x00000155a4a446e0 JavaThread "RMI TCP Connection(idle)" daemon [_thread_blocked, id=22440, stack(0x0000001f35300000,0x0000001f35400000)]
  0x00000155a4a45c20 JavaThread "RMI TCP Connection(idle)" daemon [_thread_blocked, id=23560, stack(0x0000001f35500000,0x0000001f35600000)]
  0x00000155a4a466c0 JavaThread "RMI TCP Connection(idle)" daemon [_thread_blocked, id=25476, stack(0x0000001f35600000,0x0000001f35700000)]
  0x00000155a4a47c00 JavaThread "http-nio-8080-exec-1" daemon [_thread_blocked, id=15384, stack(0x0000001f34200000,0x0000001f34300000)]
  0x00000155a4a46c10 JavaThread "http-nio-8080-exec-2" daemon [_thread_blocked, id=38632, stack(0x0000001f35200000,0x0000001f35300000)]
  0x00000155a4a47160 JavaThread "http-nio-8080-exec-3" daemon [_thread_blocked, id=2720, stack(0x0000001f35400000,0x0000001f35500000)]
  0x00000155a4a48150 JavaThread "HikariPool-1 housekeeper" daemon [_thread_blocked, id=15444, stack(0x0000001f35800000,0x0000001f35900000)]

Other Threads:
=>0x000001559d020760 VMThread "VM Thread" [stack: 0x0000001f32900000,0x0000001f32a00000] [id=1360]
  0x00000155fdc700a0 WatcherThread [stack: 0x0000001f33a00000,0x0000001f33b00000] [id=30804]
  0x00000155fdcc0f20 GCTaskThread "GC Thread#0" [stack: 0x0000001f32400000,0x0000001f32500000] [id=41884]
  0x000001559dbffeb0 GCTaskThread "GC Thread#1" [stack: 0x0000001f33b00000,0x0000001f33c00000] [id=6616]
  0x000001559dc001c0 GCTaskThread "GC Thread#2" [stack: 0x0000001f33c00000,0x0000001f33d00000] [id=36688]
  0x000001559dc004d0 GCTaskThread "GC Thread#3" [stack: 0x0000001f33d00000,0x0000001f33e00000] [id=22080]
  0x000001559dc05a60 GCTaskThread "GC Thread#4" [stack: 0x0000001f33e00000,0x0000001f33f00000] [id=40396]
  0x000001559dc05d70 GCTaskThread "GC Thread#5" [stack: 0x0000001f33f00000,0x0000001f34000000] [id=30924]
  0x000001559db57c40 GCTaskThread "GC Thread#6" [stack: 0x0000001f34000000,0x0000001f34100000] [id=1288]
  0x000001559dc06480 GCTaskThread "GC Thread#7" [stack: 0x0000001f34100000,0x0000001f34200000] [id=19716]
  0x00000155fdcd1cb0 ConcurrentGCThread "G1 Main Marker" [stack: 0x0000001f32500000,0x0000001f32600000] [id=14688]
  0x00000155fdcd3d00 ConcurrentGCThread "G1 Conc#0" [stack: 0x0000001f32600000,0x0000001f32700000] [id=38156]
  0x00000155a1dd12c0 ConcurrentGCThread "G1 Conc#1" [stack: 0x0000001f34800000,0x0000001f34900000] [id=8520]
  0x000001559c4d20d0 ConcurrentGCThread "G1 Refine#0" [stack: 0x0000001f32700000,0x0000001f32800000] [id=22340]
  0x000001559c4d3910 ConcurrentGCThread "G1 Service" [stack: 0x0000001f32800000,0x0000001f32900000] [id=36420]

Threads with active compile tasks:

VM state: at safepoint (normal execution)

VM Mutex/Monitor currently owned by a thread:  ([mutex/lock_event])
[0x00000155fdc6a7a0] Threads_lock - owner thread: 0x000001559d020760

Heap address: 0x0000000702c00000, size: 4052 MB, Compressed Oops mode: Zero based, Oop shift amount: 3

CDS disabled.
Compressed class space mapped at: 0x0000000800000000-0x0000000840000000, reserved size: 1073741824
Narrow klass base: 0x0000000800000000, Narrow klass shift: 0, Narrow klass range: 0x40000000

GC Precious Log:
 CPUs: 8 total, 8 available
 Memory: 16200M
 Large Page Support: Disabled
 NUMA Support: Disabled
 Compressed Oops: Enabled (Zero based)
 Heap Region Size: 2M
 Heap Min Capacity: 8M
 Heap Initial Capacity: 254M
 Heap Max Capacity: 4052M
 Pre-touch: Disabled
 Parallel Workers: 8
 Concurrent Workers: 2
 Concurrent Refinement Workers: 8
 Periodic GC: Disabled

Heap:
 garbage-first heap   total 90112K, used 57454K [0x0000000702c00000, 0x0000000800000000)
  region size 2048K, 21 young (43008K), 3 survivors (6144K)
 Metaspace       used 59988K, committed 60416K, reserved 1105920K
  class space    used 7076K, committed 7296K, reserved 1048576K

Heap Regions: E=young(eden), S=young(survivor), O=old, HS=humongous(starts), HC=humongous(continues), CS=collection set, F=free, OA=open archive, CA=closed archive, TAMS=top-at-mark-start (previous, next)
|   0|0x0000000702c00000, 0x0000000702e00000, 0x0000000702e00000|100%| O|  |TAMS 0x0000000702e00000, 0x0000000702c00000| Untracked 
|   1|0x0000000702e00000, 0x0000000703000000, 0x0000000703000000|100%| O|  |TAMS 0x0000000703000000, 0x0000000702e00000| Untracked 
|   2|0x0000000703000000, 0x0000000703200000, 0x0000000703200000|100%| O|  |TAMS 0x0000000703200000, 0x0000000703000000| Untracked 
|   3|0x0000000703200000, 0x0000000703400000, 0x0000000703400000|100%| O|  |TAMS 0x0000000703400000, 0x0000000703200000| Untracked 
|   4|0x0000000703400000, 0x000000070341da00, 0x0000000703600000|  5%| O|  |TAMS 0x000000070341da00, 0x0000000703400000| Untracked 
|   5|0x0000000703600000, 0x0000000703800000, 0x0000000703800000|100%| O|  |TAMS 0x0000000703800000, 0x0000000703600000| Untracked 
|   6|0x0000000703800000, 0x0000000703a00000, 0x0000000703a00000|100%| O|  |TAMS 0x0000000703a00000, 0x0000000703800000| Untracked 
|   7|0x0000000703a00000, 0x0000000703c00000, 0x0000000703c00000|100%| O|  |TAMS 0x0000000703c00000, 0x0000000703a00000| Untracked 
|   8|0x0000000703c00000, 0x0000000703e00000, 0x0000000703e00000|100%| O|  |TAMS 0x0000000703e00000, 0x0000000703c00000| Untracked 
|   9|0x0000000703e00000, 0x0000000703e00000, 0x0000000704000000|  0%| F|  |TAMS 0x0000000703e00000, 0x0000000703e00000| Untracked 
|  10|0x0000000704000000, 0x0000000704000000, 0x0000000704200000|  0%| F|  |TAMS 0x0000000704000000, 0x0000000704000000| Untracked 
|  11|0x0000000704200000, 0x0000000704200000, 0x0000000704400000|  0%| F|  |TAMS 0x0000000704200000, 0x0000000704200000| Untracked 
|  12|0x0000000704400000, 0x0000000704400000, 0x0000000704600000|  0%| F|  |TAMS 0x0000000704400000, 0x0000000704400000| Untracked 
|  13|0x0000000704600000, 0x0000000704600000, 0x0000000704800000|  0%| F|  |TAMS 0x0000000704600000, 0x0000000704600000| Untracked 
|  14|0x0000000704800000, 0x0000000704800000, 0x0000000704a00000|  0%| F|  |TAMS 0x0000000704800000, 0x0000000704800000| Untracked 
|  15|0x0000000704a00000, 0x0000000704a00000, 0x0000000704c00000|  0%| F|  |TAMS 0x0000000704a00000, 0x0000000704a00000| Untracked 
|  16|0x0000000704c00000, 0x0000000704c00000, 0x0000000704e00000|  0%| F|  |TAMS 0x0000000704c00000, 0x0000000704c00000| Untracked 
|  17|0x0000000704e00000, 0x0000000704e00000, 0x0000000705000000|  0%| F|  |TAMS 0x0000000704e00000, 0x0000000704e00000| Untracked 
|  18|0x0000000705000000, 0x0000000705000000, 0x0000000705200000|  0%| F|  |TAMS 0x0000000705000000, 0x0000000705000000| Untracked 
|  19|0x0000000705200000, 0x0000000705200000, 0x0000000705400000|  0%| F|  |TAMS 0x0000000705200000, 0x0000000705200000| Untracked 
|  20|0x0000000705400000, 0x0000000705400000, 0x0000000705600000|  0%| F|  |TAMS 0x0000000705400000, 0x0000000705400000| Untracked 
|  21|0x0000000705600000, 0x0000000705600000, 0x0000000705800000|  0%| F|  |TAMS 0x0000000705600000, 0x0000000705600000| Untracked 
|  22|0x0000000705800000, 0x0000000705800000, 0x0000000705a00000|  0%| F|  |TAMS 0x0000000705800000, 0x0000000705800000| Untracked 
|  23|0x0000000705a00000, 0x0000000705c00000, 0x0000000705c00000|100%| E|  |TAMS 0x0000000705a00000, 0x0000000705a00000| Complete 
|  24|0x0000000705c00000, 0x0000000705e00000, 0x0000000705e00000|100%| E|CS|TAMS 0x0000000705c00000, 0x0000000705c00000| Complete 
|  25|0x0000000705e00000, 0x0000000706000000, 0x0000000706000000|100%| E|CS|TAMS 0x0000000705e00000, 0x0000000705e00000| Complete 
|  26|0x0000000706000000, 0x0000000706200000, 0x0000000706200000|100%| E|CS|TAMS 0x0000000706000000, 0x0000000706000000| Complete 
|  27|0x0000000706200000, 0x0000000706400000, 0x0000000706400000|100%| E|CS|TAMS 0x0000000706200000, 0x0000000706200000| Complete 
|  28|0x0000000706400000, 0x0000000706600000, 0x0000000706600000|100%| E|CS|TAMS 0x0000000706400000, 0x0000000706400000| Complete 
|  29|0x0000000706600000, 0x0000000706800000, 0x0000000706800000|100%| E|CS|TAMS 0x0000000706600000, 0x0000000706600000| Complete 
|  30|0x0000000706800000, 0x0000000706a00000, 0x0000000706a00000|100%| E|CS|TAMS 0x0000000706800000, 0x0000000706800000| Complete 
|  31|0x0000000706a00000, 0x0000000706c00000, 0x0000000706c00000|100%| E|CS|TAMS 0x0000000706a00000, 0x0000000706a00000| Complete 
|  32|0x0000000706c00000, 0x0000000706e00000, 0x0000000706e00000|100%| E|CS|TAMS 0x0000000706c00000, 0x0000000706c00000| Complete 
|  33|0x0000000706e00000, 0x0000000707000000, 0x0000000707000000|100%| E|CS|TAMS 0x0000000706e00000, 0x0000000706e00000| Complete 
|  34|0x0000000707000000, 0x0000000707200000, 0x0000000707200000|100%| E|CS|TAMS 0x0000000707000000, 0x0000000707000000| Complete 
|  35|0x0000000707200000, 0x0000000707400000, 0x0000000707400000|100%| E|CS|TAMS 0x0000000707200000, 0x0000000707200000| Complete 
|  36|0x0000000707400000, 0x0000000707600000, 0x0000000707600000|100%| E|CS|TAMS 0x0000000707400000, 0x0000000707400000| Complete 
|  37|0x0000000707600000, 0x0000000707800000, 0x0000000707800000|100%| E|CS|TAMS 0x0000000707600000, 0x0000000707600000| Complete 
|  38|0x0000000707800000, 0x0000000707a00000, 0x0000000707a00000|100%| E|CS|TAMS 0x0000000707800000, 0x0000000707800000| Complete 
|  39|0x0000000707a00000, 0x0000000707c00000, 0x0000000707c00000|100%| E|CS|TAMS 0x0000000707a00000, 0x0000000707a00000| Complete 
|  69|0x000000070b600000, 0x000000070b7fdf80, 0x000000070b800000| 99%| S|CS|TAMS 0x000000070b600000, 0x000000070b600000| Complete 
|  70|0x000000070b800000, 0x000000070ba00000, 0x000000070ba00000|100%| S|CS|TAMS 0x000000070b800000, 0x000000070b800000| Complete 
|  71|0x000000070ba00000, 0x000000070bc00000, 0x000000070bc00000|100%| S|CS|TAMS 0x000000070ba00000, 0x000000070ba00000| Complete 
| 126|0x0000000712800000, 0x0000000712a00000, 0x0000000712a00000|100%| E|CS|TAMS 0x0000000712800000, 0x0000000712800000| Complete 

Card table byte_map: [0x00000155fe870000,0x00000155ff060000] _byte_map_base: 0x00000155fb05a000

Marking Bits (Prev, Next): (CMBitMap*) 0x00000155fdcc1560, (CMBitMap*) 0x00000155fdcc1520
 Prev Bits: [0x00000155963f0000, 0x000001559a340000)
 Next Bits: [0x00000155924a0000, 0x00000155963f0000)

Polling page: 0x00000155fbc10000

Metaspace:

Usage:
  Non-class:     51.67 MB used.
      Class:      6.91 MB used.
       Both:     58.58 MB used.

Virtual space:
  Non-class space:       56.00 MB reserved,      51.88 MB ( 93%) committed,  7 nodes.
      Class space:        1.00 GB reserved,       7.12 MB ( <1%) committed,  1 nodes.
              Both:        1.05 GB reserved,      59.00 MB (  5%) committed. 

Chunk freelists:
   Non-Class:  3.69 MB
       Class:  953.00 KB
        Both:  4.62 MB

MaxMetaspaceSize: 17179869184.00 GB
CompressedClassSpaceSize: 1.00 GB
 - commit_granule_bytes: 65536.
 - commit_granule_words: 8192.
 - virtual_space_node_default_size: 1048576.
 - enlarge_chunks_in_place: 1.
 - new_chunks_are_fully_committed: 0.
 - uncommit_free_chunks: 1.
 - use_allocation_guard: 0.
 - handle_deallocations: 1.


Internal statistics:

num_allocs_failed_limit: 9.
num_arena_births: 566.
num_arena_deaths: 0.
num_vsnodes_births: 8.
num_vsnodes_deaths: 0.
num_space_committed: 944.
num_space_uncommitted: 0.
num_chunks_returned_to_freelist: 9.
num_chunks_taken_from_freelist: 2172.
num_chunk_merges: 6.
num_chunk_splits: 1508.
num_chunks_enlarged: 1127.
num_purges: 0.

CodeHeap 'non-profiled nmethods': size=238336Kb used=10466Kb max_used=10466Kb free=227869Kb
 bounds [0x0000015583be0000, 0x0000015584620000, 0x00000155924a0000]
CodeHeap 'non-nmethods': size=7424Kb used=1375Kb max_used=1375Kb free=6049Kb
 bounds [0x00000155834a0000, 0x0000015583710000, 0x0000015583be0000]
 total_blobs=6284 nmethods=5658 adapters=553
 compilation: enabled
              stopped_count=0, restarted_count=0
 full_count=0

Compilation events (20 events):
Event: 60.855 Thread 0x000001559d0a3470 5647       1       java.util.concurrent.ScheduledThreadPoolExecutor$ScheduledFutureTask::getDelay (16 bytes)
Event: 60.856 Thread 0x000001559d0a3470 nmethod 5647 0x0000015584614590 code [0x0000015584614740, 0x0000015584614868]
Event: 61.147 Thread 0x000001559d0a3470 5649       1       java.lang.ThreadLocal::set (30 bytes)
Event: 61.148 Thread 0x000001559d0a3470 nmethod 5649 0x0000015584614910 code [0x0000015584614ae0, 0x0000015584614c88]
Event: 61.148 Thread 0x000001559d0a3470 5650       1       sun.util.logging.internal.LoggingProviderImpl$JULWrapper::toJUL (40 bytes)
Event: 61.148 Thread 0x000001559d0a3470 nmethod 5650 0x0000015584614d90 code [0x0000015584614f40, 0x0000015584615058]
Event: 63.273 Thread 0x000001559d0a3470 5652       1       java.util.concurrent.ScheduledThreadPoolExecutor::canRunInCurrentRunState (61 bytes)
Event: 63.274 Thread 0x000001559d0a3470 nmethod 5652 0x0000015584615510 code [0x00000155846156e0, 0x00000155846159a8]
Event: 63.517 Thread 0x000001559d0a3470 5653       1       java.io.Bits::getInt (43 bytes)
Event: 63.517 Thread 0x000001559d0a3470 nmethod 5653 0x0000015584615b90 code [0x0000015584615d20, 0x0000015584615e78]
Event: 66.855 Thread 0x000001559d0a3470 5654       1       java.util.concurrent.locks.AbstractQueuedSynchronizer$Node::clearStatus (12 bytes)
Event: 66.855 Thread 0x000001559d0a3470 nmethod 5654 0x0000015584615f90 code [0x0000015584616120, 0x00000155846161f8]
Event: 66.856 Thread 0x000001559d0a3470 5655       1       jdk.internal.misc.Unsafe::putIntOpaque (9 bytes)
Event: 66.856 Thread 0x000001559d0a3470 nmethod 5655 0x0000015584616290 code [0x0000015584616420, 0x00000155846164f8]
Event: 66.856 Thread 0x000001559d0a3470 5657       1       java.util.concurrent.locks.AbstractQueuedSynchronizer$Node::<init> (5 bytes)
Event: 66.856 Thread 0x000001559d0a3470 nmethod 5657 0x0000015584616590 code [0x0000015584616720, 0x00000155846167d8]
Event: 66.856 Thread 0x000001559d0a3470 5656       1       java.util.concurrent.ThreadPoolExecutor::workerCountOf (5 bytes)
Event: 66.856 Thread 0x000001559d0a3470 nmethod 5656 0x0000015584616890 code [0x0000015584616a20, 0x0000015584616ad8]
Event: 67.855 Thread 0x000001559d0a3470 5658   !   1       java.util.concurrent.locks.AbstractQueuedSynchronizer::acquire (407 bytes)
Event: 67.856 Thread 0x000001559d0a3470 nmethod 5658 0x0000015584616b90 code [0x0000015584616e40, 0x00000155846180c8]

GC Heap History (20 events):
Event: 1.881 GC heap before
{Heap before GC invocations=7 (full 0):
 garbage-first heap   total 45056K, used 27283K [0x0000000702c00000, 0x0000000800000000)
  region size 2048K, 11 young (22528K), 1 survivors (2048K)
 Metaspace       used 29643K, committed 29888K, reserved 1081344K
  class space    used 3426K, committed 3520K, reserved 1048576K
}
Event: 1.884 GC heap after
{Heap after GC invocations=8 (full 0):
 garbage-first heap   total 153600K, used 9557K [0x0000000702c00000, 0x0000000800000000)
  region size 2048K, 2 young (4096K), 2 survivors (4096K)
 Metaspace       used 29643K, committed 29888K, reserved 1081344K
  class space    used 3426K, committed 3520K, reserved 1048576K
}
Event: 2.678 GC heap before
{Heap before GC invocations=8 (full 0):
 garbage-first heap   total 153600K, used 93525K [0x0000000702c00000, 0x0000000800000000)
  region size 2048K, 45 young (92160K), 2 survivors (4096K)
 Metaspace       used 35213K, committed 35520K, reserved 1081344K
  class space    used 4266K, committed 4416K, reserved 1048576K
}
Event: 2.682 GC heap after
{Heap after GC invocations=9 (full 0):
 garbage-first heap   total 153600K, used 13034K [0x0000000702c00000, 0x0000000800000000)
  region size 2048K, 3 young (6144K), 3 survivors (6144K)
 Metaspace       used 35213K, committed 35520K, reserved 1081344K
  class space    used 4266K, committed 4416K, reserved 1048576K
}
Event: 3.039 GC heap before
{Heap before GC invocations=10 (full 0):
 garbage-first heap   total 61440K, used 43754K [0x0000000702c00000, 0x0000000800000000)
  region size 2048K, 18 young (36864K), 3 survivors (6144K)
 Metaspace       used 37245K, committed 37568K, reserved 1089536K
  class space    used 4475K, committed 4608K, reserved 1048576K
}
Event: 3.044 GC heap after
{Heap after GC invocations=11 (full 0):
 garbage-first heap   total 61440K, used 14219K [0x0000000702c00000, 0x0000000800000000)
  region size 2048K, 1 young (2048K), 1 survivors (2048K)
 Metaspace       used 37245K, committed 37568K, reserved 1089536K
  class space    used 4475K, committed 4608K, reserved 1048576K
}
Event: 3.090 GC heap before
{Heap before GC invocations=11 (full 0):
 garbage-first heap   total 61440K, used 16267K [0x0000000702c00000, 0x0000000800000000)
  region size 2048K, 2 young (4096K), 1 survivors (2048K)
 Metaspace       used 37393K, committed 37760K, reserved 1089536K
  class space    used 4494K, committed 4672K, reserved 1048576K
}
Event: 3.092 GC heap after
{Heap after GC invocations=12 (full 0):
 garbage-first heap   total 61440K, used 14079K [0x0000000702c00000, 0x0000000800000000)
  region size 2048K, 1 young (2048K), 1 survivors (2048K)
 Metaspace       used 37393K, committed 37760K, reserved 1089536K
  class space    used 4494K, committed 4672K, reserved 1048576K
}
Event: 3.434 GC heap before
{Heap before GC invocations=12 (full 0):
 garbage-first heap   total 61440K, used 46847K [0x0000000702c00000, 0x0000000800000000)
  region size 2048K, 17 young (34816K), 1 survivors (2048K)
 Metaspace       used 40693K, committed 41088K, reserved 1089536K
  class space    used 4937K, committed 5120K, reserved 1048576K
}
Event: 3.436 GC heap after
{Heap after GC invocations=13 (full 0):
 garbage-first heap   total 61440K, used 15316K [0x0000000702c00000, 0x0000000800000000)
  region size 2048K, 2 young (4096K), 2 survivors (4096K)
 Metaspace       used 40693K, committed 41088K, reserved 1089536K
  class space    used 4937K, committed 5120K, reserved 1048576K
}
Event: 3.615 GC heap before
{Heap before GC invocations=13 (full 0):
 garbage-first heap   total 61440K, used 46036K [0x0000000702c00000, 0x0000000800000000)
  region size 2048K, 17 young (34816K), 2 survivors (4096K)
 Metaspace       used 42375K, committed 42752K, reserved 1089536K
  class space    used 5165K, committed 5376K, reserved 1048576K
}
Event: 3.617 GC heap after
{Heap after GC invocations=14 (full 0):
 garbage-first heap   total 61440K, used 16800K [0x0000000702c00000, 0x0000000800000000)
  region size 2048K, 2 young (4096K), 2 survivors (4096K)
 Metaspace       used 42375K, committed 42752K, reserved 1089536K
  class space    used 5165K, committed 5376K, reserved 1048576K
}
Event: 3.877 GC heap before
{Heap before GC invocations=14 (full 0):
 garbage-first heap   total 61440K, used 47520K [0x0000000702c00000, 0x0000000800000000)
  region size 2048K, 17 young (34816K), 2 survivors (4096K)
 Metaspace       used 44815K, committed 45248K, reserved 1089536K
  class space    used 5499K, committed 5696K, reserved 1048576K
}
Event: 3.881 GC heap after
{Heap after GC invocations=15 (full 0):
 garbage-first heap   total 61440K, used 18759K [0x0000000702c00000, 0x0000000800000000)
  region size 2048K, 3 young (6144K), 3 survivors (6144K)
 Metaspace       used 44815K, committed 45248K, reserved 1089536K
  class space    used 5499K, committed 5696K, reserved 1048576K
}
Event: 23.577 GC heap before
{Heap before GC invocations=15 (full 0):
 garbage-first heap   total 61440K, used 45383K [0x0000000702c00000, 0x0000000800000000)
  region size 2048K, 17 young (34816K), 3 survivors (6144K)
 Metaspace       used 47447K, committed 47872K, reserved 1097728K
  class space    used 5778K, committed 6016K, reserved 1048576K
}
Event: 23.580 GC heap after
{Heap after GC invocations=16 (full 0):
 garbage-first heap   total 161792K, used 19367K [0x0000000702c00000, 0x0000000800000000)
  region size 2048K, 2 young (4096K), 2 survivors (4096K)
 Metaspace       used 47447K, committed 47872K, reserved 1097728K
  class space    used 5778K, committed 6016K, reserved 1048576K
}
Event: 29.928 GC heap before
{Heap before GC invocations=16 (full 0):
 garbage-first heap   total 161792K, used 109479K [0x0000000702c00000, 0x0000000800000000)
  region size 2048K, 47 young (96256K), 2 survivors (4096K)
 Metaspace       used 55771K, committed 56128K, reserved 1105920K
  class space    used 6546K, committed 6720K, reserved 1048576K
}
Event: 29.930 GC heap after
{Heap after GC invocations=17 (full 0):
 garbage-first heap   total 161792K, used 21249K [0x0000000702c00000, 0x0000000800000000)
  region size 2048K, 3 young (6144K), 3 survivors (6144K)
 Metaspace       used 55771K, committed 56128K, reserved 1105920K
  class space    used 6546K, committed 6720K, reserved 1048576K
}
Event: 30.067 GC heap before
{Heap before GC invocations=17 (full 0):
 garbage-first heap   total 161792K, used 33537K [0x0000000702c00000, 0x0000000800000000)
  region size 2048K, 10 young (20480K), 3 survivors (6144K)
 Metaspace       used 58899K, committed 59328K, reserved 1105920K
  class space    used 6944K, committed 7168K, reserved 1048576K
}
Event: 30.070 GC heap after
{Heap after GC invocations=18 (full 0):
 garbage-first heap   total 161792K, used 22638K [0x0000000702c00000, 0x0000000800000000)
  region size 2048K, 3 young (6144K), 3 survivors (6144K)
 Metaspace       used 58899K, committed 59328K, reserved 1105920K
  class space    used 6944K, committed 7168K, reserved 1048576K
}

Deoptimization events (20 events):
Event: 30.374 Thread 0x00000155a4a42c50 DEOPT PACKING pc=0x00000155845e0e11 sp=0x0000001f35bfdac0
Event: 30.375 Thread 0x00000155a4a42c50 DEOPT UNPACKING pc=0x00000155834edece sp=0x0000001f35bfcf78 mode 1
Event: 30.375 Thread 0x00000155a4a42c50 DEOPT PACKING pc=0x00000155845e0e11 sp=0x0000001f35bfd900
Event: 30.375 Thread 0x00000155a4a42c50 DEOPT UNPACKING pc=0x00000155834edece sp=0x0000001f35bfcdb8 mode 1
Event: 30.389 Thread 0x00000155a4a42c50 DEOPT PACKING pc=0x00000155845e0e11 sp=0x0000001f35bfda00
Event: 30.389 Thread 0x00000155a4a42c50 DEOPT UNPACKING pc=0x00000155834edece sp=0x0000001f35bfceb8 mode 1
Event: 30.389 Thread 0x00000155a4a42c50 DEOPT PACKING pc=0x00000155845e0e11 sp=0x0000001f35bfd9f0
Event: 30.389 Thread 0x00000155a4a42c50 DEOPT UNPACKING pc=0x00000155834edece sp=0x0000001f35bfcea8 mode 1
Event: 30.391 Thread 0x00000155a4a42c50 DEOPT PACKING pc=0x00000155845e0e11 sp=0x0000001f35bfdac0
Event: 30.391 Thread 0x00000155a4a42c50 DEOPT UNPACKING pc=0x00000155834edece sp=0x0000001f35bfcf78 mode 1
Event: 30.392 Thread 0x00000155a4a42c50 DEOPT PACKING pc=0x00000155845e0e11 sp=0x0000001f35bfd900
Event: 30.392 Thread 0x00000155a4a42c50 DEOPT UNPACKING pc=0x00000155834edece sp=0x0000001f35bfcdb8 mode 1
Event: 30.404 Thread 0x00000155a4a42c50 DEOPT PACKING pc=0x00000155845e0e11 sp=0x0000001f35bfda00
Event: 30.404 Thread 0x00000155a4a42c50 DEOPT UNPACKING pc=0x00000155834edece sp=0x0000001f35bfceb8 mode 1
Event: 30.404 Thread 0x00000155a4a42c50 DEOPT PACKING pc=0x00000155845e0e11 sp=0x0000001f35bfd9f0
Event: 30.404 Thread 0x00000155a4a42c50 DEOPT UNPACKING pc=0x00000155834edece sp=0x0000001f35bfcea8 mode 1
Event: 30.406 Thread 0x00000155a4a42c50 DEOPT PACKING pc=0x00000155845e0e11 sp=0x0000001f35bfdac0
Event: 30.406 Thread 0x00000155a4a42c50 DEOPT UNPACKING pc=0x00000155834edece sp=0x0000001f35bfcf78 mode 1
Event: 30.406 Thread 0x00000155a4a42c50 DEOPT PACKING pc=0x00000155845e0e11 sp=0x0000001f35bfd900
Event: 30.406 Thread 0x00000155a4a42c50 DEOPT UNPACKING pc=0x00000155834edece sp=0x0000001f35bfcdb8 mode 1

Classes unloaded (0 events):
No events

Classes redefined (0 events):
No events

Internal exceptions (20 events):
Event: 3.546 Thread 0x000001559df18450 Exception <a 'java/lang/ClassNotFoundException'{0x00000007055611b0}: org/springframework/beans/factory/AwareCustomizer> (0x00000007055611b0) 
thrown [t:\workspace\open\src\hotspot\share\classfile\systemDictionary.cpp, line 256]
Event: 3.547 Thread 0x000001559df18450 Exception <a 'java/lang/ClassNotFoundException'{0x0000000705565940}: org/springframework/context/ApplicationContextAwareCustomizer> (0x0000000705565940) 
thrown [t:\workspace\open\src\hotspot\share\classfile\systemDictionary.cpp, line 256]
Event: 3.547 Thread 0x000001559df18450 Exception <a 'java/lang/ClassNotFoundException'{0x000000070556b498}: org/springframework/beans/factory/AwareCustomizer> (0x000000070556b498) 
thrown [t:\workspace\open\src\hotspot\share\classfile\systemDictionary.cpp, line 256]
Event: 3.547 Thread 0x000001559df18450 Exception <a 'java/lang/ClassNotFoundException'{0x000000070556fc40}: org/springframework/web/context/ServletContextAwareCustomizer> (0x000000070556fc40) 
thrown [t:\workspace\open\src\hotspot\share\classfile\systemDictionary.cpp, line 256]
Event: 3.548 Thread 0x000001559df18450 Exception <a 'java/lang/ClassNotFoundException'{0x0000000705575448}: org/springframework/beans/factory/AwareCustomizer> (0x0000000705575448) 
thrown [t:\workspace\open\src\hotspot\share\classfile\systemDictionary.cpp, line 256]
Event: 3.553 Thread 0x000001559df18450 Exception <a 'java/lang/NoSuchMethodError'{0x0000000705222558}: 'void java.lang.invoke.DirectMethodHandle$Holder.invokeVirtual(java.lang.Object, java.lang.Object, java.lang.Object, java.lang.Object)'> (0x0000000705222558) 
thrown [t:\workspace\open\src\hotspot\share\interpreter\linkResolver.cpp, line 790]
Event: 3.605 Thread 0x000001559df18450 Exception <a 'java/lang/NoSuchMethodError'{0x0000000704a37a78}: 'void java.lang.invoke.DirectMethodHandle$Holder.invokeVirtual(java.lang.Object, java.lang.Object, int)'> (0x0000000704a37a78) 
thrown [t:\workspace\open\src\hotspot\share\interpreter\linkResolver.cpp, line 790]
Event: 3.606 Thread 0x000001559df18450 Exception <a 'java/lang/NoSuchMethodError'{0x0000000704a53a60}: 'void java.lang.invoke.DirectMethodHandle$Holder.invokeVirtual(java.lang.Object, java.lang.Object, long)'> (0x0000000704a53a60) 
thrown [t:\workspace\open\src\hotspot\share\interpreter\linkResolver.cpp, line 790]
Event: 3.692 Thread 0x000001559df18450 Exception <a 'java/lang/IncompatibleClassChangeError'{0x0000000705cbd120}: Found class java.lang.Object, but interface was expected> (0x0000000705cbd120) 
thrown [t:\workspace\open\src\hotspot\share\interpreter\linkResolver.cpp, line 857]
Event: 3.712 Thread 0x000001559df18450 Exception <a 'java/lang/NoSuchMethodError'{0x0000000705b84360}: 'int java.lang.invoke.DirectMethodHandle$Holder.invokeStaticInit(java.lang.Object, java.lang.Object, java.lang.Object, java.lang.Object)'> (0x0000000705b84360) 
thrown [t:\workspace\open\src\hotspot\share\interpreter\linkResolver.cpp, line 790]
Event: 3.722 Thread 0x000001559d92d040 Exception <a 'java/lang/reflect/InvocationTargetException'{0x0000000705801e20}> (0x0000000705801e20) 
thrown [t:\workspace\open\src\hotspot\share\runtime\reflection.cpp, line 1157]
Event: 3.809 Thread 0x000001559df18450 Exception <a 'java/lang/NoSuchMethodError'{0x000000070513cd08}: 'java.lang.Object java.lang.invoke.DirectMethodHandle$Holder.newInvokeSpecial(java.lang.Object, java.lang.Object, int, java.lang.Object, java.lang.Object)'> (0x000000070513cd08) 
thrown [t:\workspace\open\src\hotspot\share\interpreter\linkResolver.cpp, line 790]
Event: 3.809 Thread 0x000001559df18450 Exception <a 'java/lang/NoSuchMethodError'{0x0000000705148a50}: 'java.lang.Object java.lang.invoke.DirectMethodHandle$Holder.invokeSpecial(java.lang.Object, java.lang.Object, int, java.lang.Object, int, java.lang.Object)'> (0x0000000705148a50) 
thrown [t:\workspace\open\src\hotspot\share\interpreter\linkResolver.cpp, line 790]
Event: 3.809 Thread 0x000001559df18450 Exception <a 'java/lang/NoSuchMethodError'{0x00000007051510b8}: 'java.lang.Object java.lang.invoke.DirectMethodHandle$Holder.newInvokeSpecial(java.lang.Object, java.lang.Object, int, java.lang.Object, int)'> (0x00000007051510b8) 
thrown [t:\workspace\open\src\hotspot\share\interpreter\linkResolver.cpp, line 790]
Event: 3.809 Thread 0x000001559df18450 Exception <a 'java/lang/NoSuchMethodError'{0x00000007051552c8}: 'java.lang.Object java.lang.invoke.DirectMethodHandle$Holder.invokeSpecial(java.lang.Object, java.lang.Object, java.lang.Object, int, java.lang.Object, int)'> (0x00000007051552c8) 
thrown [t:\workspace\open\src\hotspot\share\interpreter\linkResolver.cpp, line 790]
Event: 3.810 Thread 0x000001559df18450 Exception <a 'java/lang/NoSuchMethodError'{0x0000000705164d30}: 'void java.lang.invoke.DirectMethodHandle$Holder.invokeVirtual(java.lang.Object, java.lang.Object)'> (0x0000000705164d30) 
thrown [t:\workspace\open\src\hotspot\share\interpreter\linkResolver.cpp, line 790]
Event: 23.758 Thread 0x00000155a4a47c00 Exception <a 'java/lang/ArrayIndexOutOfBoundsException'{0x000000070a163f60}: Index 7362 out of bounds for length 7362> (0x000000070a163f60) 
thrown [t:\workspace\open\src\hotspot\share\interpreter\interpreterRuntime.cpp, line 425]
Event: 29.968 Thread 0x00000155a4a47160 Exception <a 'sun/nio/fs/WindowsException'{0x000000070c4aaae8}> (0x000000070c4aaae8) 
thrown [t:\workspace\open\src\hotspot\share\prims\jni.cpp, line 579]
Event: 30.160 Thread 0x00000155a4a47160 Exception <a 'java/lang/NoSuchMethodError'{0x00000007074a0a28}: 'java.lang.Object java.lang.invoke.DirectMethodHandle$Holder.invokeStaticInit(java.lang.Object, java.lang.Object, java.lang.Object, java.lang.Object)'> (0x00000007074a0a28) 
thrown [t:\workspace\open\src\hotspot\share\interpreter\linkResolver.cpp, line 790]
Event: 30.182 Thread 0x00000155a4a47160 Exception <a 'java/lang/ArrayIndexOutOfBoundsException'{0x0000000707515f38}> (0x0000000707515f38) 
thrown [t:\workspace\open\src\hotspot\share\runtime\sharedRuntime.cpp, line 624]

Events (20 events):
Event: 30.120 loading class java/util/concurrent/ThreadPoolExecutor$CallerRunsPolicy done
Event: 30.135 loading class java/util/TimerTask
Event: 30.135 loading class java/util/TimerTask done
Event: 30.137 loading class java/lang/StringIndexOutOfBoundsException
Event: 30.137 loading class java/lang/StringIndexOutOfBoundsException done
Event: 30.221 Thread 0x00000155a4a42c50 Thread added: 0x00000155a4a42c50
Event: 31.105 Executing  VM operation: Cleanup
Event: 31.105 Executing  VM operation: Cleanup done
Event: 35.419 Thread 0x00000155a4a42c50 Thread exited: 0x00000155a4a42c50
Event: 39.159 Executing  VM operation: Cleanup
Event: 39.159 Executing  VM operation: Cleanup done
Event: 47.228 Executing  VM operation: Cleanup
Event: 47.228 Executing  VM operation: Cleanup done
Event: 60.318 Executing  VM operation: Cleanup
Event: 60.319 Executing  VM operation: Cleanup done
Event: 63.349 Executing  VM operation: Cleanup
Event: 63.350 Executing  VM operation: Cleanup done
Event: 64.354 Executing  VM operation: Cleanup
Event: 64.354 Executing  VM operation: Cleanup done
Event: 68.124 Executing  VM operation: RedefineClasses


Dynamic libraries:
0x00007ff721190000 - 0x00007ff72119e000 	C:\Users\kitew\박수현_java\5.spring\sts-4.11.1.RELEASE_Quiz\plugins\org.eclipse.justj.openjdk.hotspot.jre.full.win32.x86_64_16.0.2.v20210721-1149\jre\bin\javaw.exe
0x00007ffbc2a10000 - 0x00007ffbc2c05000 	C:\WINDOWS\SYSTEM32\ntdll.dll
0x00007ffbc1400000 - 0x00007ffbc14bd000 	C:\WINDOWS\System32\KERNEL32.DLL
0x00007ffbc04e0000 - 0x00007ffbc07a9000 	C:\WINDOWS\System32\KERNELBASE.dll
0x00007ffbc03e0000 - 0x00007ffbc04e0000 	C:\WINDOWS\System32\ucrtbase.dll
0x00007ffb91f00000 - 0x00007ffb91f19000 	C:\Users\kitew\박수현_java\5.spring\sts-4.11.1.RELEASE_Quiz\plugins\org.eclipse.justj.openjdk.hotspot.jre.full.win32.x86_64_16.0.2.v20210721-1149\jre\bin\VCRUNTIME140.dll
0x00007ffb91f20000 - 0x00007ffb91f38000 	C:\Users\kitew\박수현_java\5.spring\sts-4.11.1.RELEASE_Quiz\plugins\org.eclipse.justj.openjdk.hotspot.jre.full.win32.x86_64_16.0.2.v20210721-1149\jre\bin\jli.dll
0x00007ffbc0b20000 - 0x00007ffbc0cc0000 	C:\WINDOWS\System32\USER32.dll
0x00007ffbc0140000 - 0x00007ffbc0162000 	C:\WINDOWS\System32\win32u.dll
0x00007ffbc0cc0000 - 0x00007ffbc0cea000 	C:\WINDOWS\System32\GDI32.dll
0x00007ffbc0210000 - 0x00007ffbc031b000 	C:\WINDOWS\System32\gdi32full.dll
0x00007ffbc0170000 - 0x00007ffbc020d000 	C:\WINDOWS\System32\msvcp_win.dll
0x00007ffbab8e0000 - 0x00007ffbabb7a000 	C:\WINDOWS\WinSxS\amd64_microsoft.windows.common-controls_6595b64144ccf1df_6.0.19041.1110_none_60b5254171f9507e\COMCTL32.dll
0x00007ffbc0e20000 - 0x00007ffbc0ebe000 	C:\WINDOWS\System32\msvcrt.dll
0x00007ffbc2020000 - 0x00007ffbc2050000 	C:\WINDOWS\System32\IMM32.DLL
0x00007ffbacc80000 - 0x00007ffbacc8c000 	C:\Users\kitew\박수현_java\5.spring\sts-4.11.1.RELEASE_Quiz\plugins\org.eclipse.justj.openjdk.hotspot.jre.full.win32.x86_64_16.0.2.v20210721-1149\jre\bin\vcruntime140_1.dll
0x00007ffb727b0000 - 0x00007ffb72841000 	C:\Users\kitew\박수현_java\5.spring\sts-4.11.1.RELEASE_Quiz\plugins\org.eclipse.justj.openjdk.hotspot.jre.full.win32.x86_64_16.0.2.v20210721-1149\jre\bin\msvcp140.dll
0x00007ffb55500000 - 0x00007ffb560ab000 	C:\Users\kitew\박수현_java\5.spring\sts-4.11.1.RELEASE_Quiz\plugins\org.eclipse.justj.openjdk.hotspot.jre.full.win32.x86_64_16.0.2.v20210721-1149\jre\bin\server\jvm.dll
0x00007ffbc0ec0000 - 0x00007ffbc0f6c000 	C:\WINDOWS\System32\ADVAPI32.dll
0x00007ffbc0f70000 - 0x00007ffbc100b000 	C:\WINDOWS\System32\sechost.dll
0x00007ffbc0cf0000 - 0x00007ffbc0e1a000 	C:\WINDOWS\System32\RPCRT4.dll
0x00007ffbc2010000 - 0x00007ffbc2018000 	C:\WINDOWS\System32\PSAPI.DLL
0x00007ffba6300000 - 0x00007ffba6309000 	C:\WINDOWS\SYSTEM32\WSOCK32.dll
0x00007ffbc14c0000 - 0x00007ffbc152b000 	C:\WINDOWS\System32\WS2_32.dll
0x00007ffbbd1f0000 - 0x00007ffbbd217000 	C:\WINDOWS\SYSTEM32\WINMM.dll
0x00007ffbb53d0000 - 0x00007ffbb53da000 	C:\WINDOWS\SYSTEM32\VERSION.dll
0x00007ffbbe9d0000 - 0x00007ffbbe9e2000 	C:\WINDOWS\SYSTEM32\kernel.appcore.dll
0x00007ffbb9510000 - 0x00007ffbb951a000 	C:\Users\kitew\박수현_java\5.spring\sts-4.11.1.RELEASE_Quiz\plugins\org.eclipse.justj.openjdk.hotspot.jre.full.win32.x86_64_16.0.2.v20210721-1149\jre\bin\jimage.dll
0x00007ffbbdeb0000 - 0x00007ffbbe094000 	C:\WINDOWS\SYSTEM32\DBGHELP.DLL
0x00007ffbbd1c0000 - 0x00007ffbbd1ec000 	C:\WINDOWS\SYSTEM32\dbgcore.DLL
0x00007ffbc0350000 - 0x00007ffbc03d3000 	C:\WINDOWS\System32\bcryptPrimitives.dll
0x00007ffbb72c0000 - 0x00007ffbb72fb000 	C:\Users\kitew\박수현_java\5.spring\sts-4.11.1.RELEASE_Quiz\plugins\org.eclipse.justj.openjdk.hotspot.jre.full.win32.x86_64_16.0.2.v20210721-1149\jre\bin\jdwp.dll
0x00007ffbb96a0000 - 0x00007ffbb96ae000 	C:\Users\kitew\박수현_java\5.spring\sts-4.11.1.RELEASE_Quiz\plugins\org.eclipse.justj.openjdk.hotspot.jre.full.win32.x86_64_16.0.2.v20210721-1149\jre\bin\instrument.dll
0x00007ffbb7140000 - 0x00007ffbb7165000 	C:\Users\kitew\박수현_java\5.spring\sts-4.11.1.RELEASE_Quiz\plugins\org.eclipse.justj.openjdk.hotspot.jre.full.win32.x86_64_16.0.2.v20210721-1149\jre\bin\java.dll
0x00007ffbb0260000 - 0x00007ffbb0278000 	C:\Users\kitew\박수현_java\5.spring\sts-4.11.1.RELEASE_Quiz\plugins\org.eclipse.justj.openjdk.hotspot.jre.full.win32.x86_64_16.0.2.v20210721-1149\jre\bin\zip.dll
0x00007ffbc18d0000 - 0x00007ffbc200f000 	C:\WINDOWS\System32\SHELL32.dll
0x00007ffbbe230000 - 0x00007ffbbe9c0000 	C:\WINDOWS\SYSTEM32\windows.storage.dll
0x00007ffbc2670000 - 0x00007ffbc29c5000 	C:\WINDOWS\System32\combase.dll
0x00007ffbbfba0000 - 0x00007ffbbfbcc000 	C:\WINDOWS\SYSTEM32\Wldp.dll
0x00007ffbc1670000 - 0x00007ffbc171e000 	C:\WINDOWS\System32\SHCORE.dll
0x00007ffbc20c0000 - 0x00007ffbc2115000 	C:\WINDOWS\System32\shlwapi.dll
0x00007ffbc0080000 - 0x00007ffbc009f000 	C:\WINDOWS\SYSTEM32\profapi.dll
0x00007ffbb9530000 - 0x00007ffbb953c000 	C:\Users\kitew\박수현_java\5.spring\sts-4.11.1.RELEASE_Quiz\plugins\org.eclipse.justj.openjdk.hotspot.jre.full.win32.x86_64_16.0.2.v20210721-1149\jre\bin\dt_socket.dll
0x00007ffbbf5a0000 - 0x00007ffbbf5db000 	C:\WINDOWS\SYSTEM32\IPHLPAPI.DLL
0x00007ffbbf900000 - 0x00007ffbbf96a000 	C:\WINDOWS\system32\mswsock.dll
0x00007ffbbf5e0000 - 0x00007ffbbf6ac000 	C:\WINDOWS\SYSTEM32\DNSAPI.dll
0x00007ffbc1530000 - 0x00007ffbc1538000 	C:\WINDOWS\System32\NSI.dll
0x00007ffbb8040000 - 0x00007ffbb804a000 	C:\Windows\System32\rasadhlp.dll
0x00007ffbb5430000 - 0x00007ffbb54af000 	C:\WINDOWS\System32\fwpuclnt.dll
0x00007ffbc0320000 - 0x00007ffbc0347000 	C:\WINDOWS\System32\bcrypt.dll
0x00007ffbb0220000 - 0x00007ffbb0239000 	C:\Users\kitew\박수현_java\5.spring\sts-4.11.1.RELEASE_Quiz\plugins\org.eclipse.justj.openjdk.hotspot.jre.full.win32.x86_64_16.0.2.v20210721-1149\jre\bin\net.dll
0x00007ffbba4c0000 - 0x00007ffbba5c8000 	C:\WINDOWS\SYSTEM32\WINHTTP.dll
0x00007ffbafc70000 - 0x00007ffbafc83000 	C:\Users\kitew\박수현_java\5.spring\sts-4.11.1.RELEASE_Quiz\plugins\org.eclipse.justj.openjdk.hotspot.jre.full.win32.x86_64_16.0.2.v20210721-1149\jre\bin\nio.dll
0x00007ffbac320000 - 0x00007ffbac329000 	C:\Users\kitew\박수현_java\5.spring\sts-4.11.1.RELEASE_Quiz\plugins\org.eclipse.justj.openjdk.hotspot.jre.full.win32.x86_64_16.0.2.v20210721-1149\jre\bin\management.dll
0x00007ffbabb80000 - 0x00007ffbabb8b000 	C:\Users\kitew\박수현_java\5.spring\sts-4.11.1.RELEASE_Quiz\plugins\org.eclipse.justj.openjdk.hotspot.jre.full.win32.x86_64_16.0.2.v20210721-1149\jre\bin\management_ext.dll
0x00007ffb990b0000 - 0x00007ffb990c7000 	C:\WINDOWS\system32\napinsp.dll
0x00007ffb99090000 - 0x00007ffb990ab000 	C:\WINDOWS\system32\pnrpnsp.dll
0x00007ffbbac90000 - 0x00007ffbbaca5000 	C:\WINDOWS\system32\wshbth.dll
0x00007ffbba700000 - 0x00007ffbba71d000 	C:\WINDOWS\system32\NLAapi.dll
0x00007ffb99070000 - 0x00007ffb99082000 	C:\WINDOWS\System32\winrnr.dll
0x00007ffbbfaf0000 - 0x00007ffbbfb08000 	C:\WINDOWS\SYSTEM32\CRYPTSP.dll
0x00007ffbbf210000 - 0x00007ffbbf244000 	C:\WINDOWS\system32\rsaenh.dll
0x00007ffbc0040000 - 0x00007ffbc006e000 	C:\WINDOWS\SYSTEM32\USERENV.dll
0x00007ffbbfb10000 - 0x00007ffbbfb1c000 	C:\WINDOWS\SYSTEM32\CRYPTBASE.dll
0x00007ffbb5f60000 - 0x00007ffbb5f77000 	C:\WINDOWS\SYSTEM32\dhcpcsvc6.DLL
0x00007ffbb7a40000 - 0x00007ffbb7a5d000 	C:\WINDOWS\SYSTEM32\dhcpcsvc.DLL
0x00007ffbb94e0000 - 0x00007ffbb94f0000 	C:\Users\kitew\박수현_java\5.spring\sts-4.11.1.RELEASE_Quiz\plugins\org.eclipse.justj.openjdk.hotspot.jre.full.win32.x86_64_16.0.2.v20210721-1149\jre\bin\verify.dll
0x00007ffbac360000 - 0x00007ffbac36e000 	C:\Users\kitew\박수현_java\5.spring\sts-4.11.1.RELEASE_Quiz\plugins\org.eclipse.justj.openjdk.hotspot.jre.full.win32.x86_64_16.0.2.v20210721-1149\jre\bin\sunmscapi.dll
0x00007ffbc08c0000 - 0x00007ffbc0a1f000 	C:\WINDOWS\System32\CRYPT32.dll
0x00007ffbbfc10000 - 0x00007ffbbfc37000 	C:\WINDOWS\SYSTEM32\ncrypt.dll
0x00007ffbbfbd0000 - 0x00007ffbbfc0b000 	C:\WINDOWS\SYSTEM32\NTASN1.dll
0x00007ffbb9500000 - 0x00007ffbb9507000 	C:\WINDOWS\system32\wshunix.dll

dbghelp: loaded successfully - version: 4.0.5 - missing functions: none
symbol engine: initialized successfully - sym options: 0x614 - pdb path: .;C:\Users\kitew\박수현_java\5.spring\sts-4.11.1.RELEASE_Quiz\plugins\org.eclipse.justj.openjdk.hotspot.jre.full.win32.x86_64_16.0.2.v20210721-1149\jre\bin;C:\WINDOWS\SYSTEM32;C:\WINDOWS\WinSxS\amd64_microsoft.windows.common-controls_6595b64144ccf1df_6.0.19041.1110_none_60b5254171f9507e;C:\Users\kitew\박수현_java\5.spring\sts-4.11.1.RELEASE_Quiz\plugins\org.eclipse.justj.openjdk.hotspot.jre.full.win32.x86_64_16.0.2.v20210721-1149\jre\bin\;C:\Users\kitew\박수현_java\5.spring\sts-4.11.1.RELEASE_Quiz\plugins\org.eclipse.justj.openjdk.hotspot.jre.full.win32.x86_64_16.0.2.v20210721-1149\jre\b;C:\Users\kitew\박수현_java\5.spring\sts-4.11.1.RELEASE_Quiz\plugins\org.eclipse.justj.openjdk.hotspot.jre.full.win32.x86_64_16.0.2.v20210721-1149\jr;C:\Users\kitew\박수현_java\5.spring\sts-4.11.1.RELEASE_Quiz\plugins\org.eclipse.justj.openjdk.hotspot.jre.full.win32.x86_64_16.0.2.v20210721-1149;C:\Users\kitew\박수현_java\5.spring\sts-4.11.1.RELEASE_Quiz\plugins\org.eclipse.justj.openjdk.hotspot.jre.full.win32.x86_64_16.0.2.v20210721-1;C:\Users\kitew\박수현_java\5.spring\sts-4.11.1.RELEASE_Quiz\plugins\org.eclipse.justj.openjdk.hotspot.jre.full.win32.x86_64_16.0.2.v2021072;C:\Users\kitew\박수현_java\5.spring\sts-4.11.1.RELEASE_Quiz\plugins\org.eclipse.justj.openjdk.hotspot.jre.full.win32.x86_64_16.0.2.v2021;C:\Users\kitew\박수현_java\5.spring\sts-4.11.1.RELEASE_Quiz\plugins\org.eclipse.justj.openjdk.hotspot.jre.full.win32.x86_64_16.0.2.v2;C:\Users\kitew\박수현_java\5.spring\sts-4.11.1.RELEASE_Quiz\plugins\org.eclipse.justj.openjdk.hotspot.jre.full.win32.x86_64_16.0.2;C:\Users\kitew\박수현_java\5.spring\sts-4.11.1.RELEASE_Quiz\plugins\org.eclipse.justj.openjdk.hotspot.jre.full.win32.x86_64_16.;C:\Users\kitew\박수현_java\5.spring\sts-4.11.1.RELEASE_Quiz\plugins\org.eclipse.justj.openjdk.hotspot.jre.full.win32.x86_64_

VM Arguments:
jvm_args: -XX:+ShowCodeDetailsInExceptionMessages -agentlib:jdwp=transport=dt_socket,suspend=y,address=localhost:59721 -Dcom.sun.management.jmxremote -Dcom.sun.management.jmxremote.port=59720 -Dcom.sun.management.jmxremote.authenticate=false -Dcom.sun.management.jmxremote.ssl=false -Djava.rmi.server.hostname=localhost -Dspring.jmx.enabled=true -Dspring.application.admin.enabled=true -XX:TieredStopAtLevel=1 -Dspring.boot.project.name=SpringQuiz -javaagent:C:\Users\kitew\박수현_java\5.spring\sts-4.11.1.RELEASE_Quiz\configuration\org.eclipse.osgi\258\0\.cp\lib\javaagent-shaded.jar -Dfile.encoding=UTF-8 
java_command: com.quiz.SpringQuizApplication --spring.output.ansi.enabled=always --debug
java_class_path (initial): C:\Users\kitew\박수현_java\5.spring\quiz_workspace\SpringQuiz\bin\main;C:\Users\kitew\.gradle\caches\modules-2\files-2.1\org.springframework.boot\spring-boot-configuration-processor\2.5.4\aaddc23ff2517732cbafb9dafbfe30a6714112b0\spring-boot-configuration-processor-2.5.4.jar;C:\Users\kitew\.gradle\caches\modules-2\files-2.1\org.springframework.boot\spring-boot-starter-web\2.5.4\2bef2cedf2e0d1038ab51a2c6154579c5945e60c\spring-boot-starter-web-2.5.4.jar;C:\Users\kitew\.gradle\caches\modules-2\files-2.1\org.mybatis.spring.boot\mybatis-spring-boot-starter\2.2.0\1543d9566e2acaa7230cd8996237a291603ac21f\mybatis-spring-boot-starter-2.2.0.jar;C:\Users\kitew\.gradle\caches\modules-2\files-2.1\org.apache.tomcat.embed\tomcat-embed-jasper\9.0.52\ddb1a453e67579ffacf53c0e471f350b3c269cf4\tomcat-embed-jasper-9.0.52.jar;C:\Users\kitew\.gradle\caches\modules-2\files-2.1\javax.servlet\jstl\1.2\74aca283cd4f4b4f3e425f5820cda58f44409547\jstl-1.2.jar;C:\Users\kitew\.gradle\caches\modules-2\files-2.1\org.springframework.boot\spring-boot-starter-json\2.5.4\6bf89f94c5d2455689d8649a3ead440d05e0c8f7\spring-boot-starter-json-2.5.4.jar;C:\Users\kitew\.gradle\caches\modules-2\files-2.1\org.springframework.boot\spring-boot-starter-jdbc\2.5.4\ce13933bc6b2ce6789288407c9244a104c9af6ed\spring-boot-starter-jdbc-2.5.4.jar;C:\Users\kitew\.gradle\caches\modules-2\files-2.1\org.springframework.boot\spring-boot-starter\2.5.4\d5028e89214b204e39e5920ae118d69293ac3d8a\spring-boot-starter-2.5.4.jar;C:\Users\kitew\.gradle\caches\modules-2\files-2.1\org.springframework.boot\spring-boot-starter-tomcat\2.5.4\57c1254fe8630619f17ff0ed37d4ffdfd0528c20\spring-boot-starter-tomcat-2.5.4.jar;C:\Users\kitew\.gradle\caches\modules-2\files-2.1\org.springframework\spring-webmvc\5.3.9\c3cd1f0bba2658995e887d2f0011ab9bd3da1773\spring-webmvc-5.3.9.jar;C:\Users\kitew\.gradle\caches\modules-2\files-2.1\org.springframework\spring-web\5.3.9\88c920ec1bda67fea04daa8e16165777440df473\spring-web-5.3.9.jar;C:\
Launcher Type: SUN_STANDARD

[Global flags]
     intx CICompilerCount                          = 4                                         {product} {ergonomic}
     uint ConcGCThreads                            = 2                                         {product} {ergonomic}
     uint G1ConcRefinementThreads                  = 8                                         {product} {ergonomic}
   size_t G1HeapRegionSize                         = 2097152                                   {product} {ergonomic}
    uintx GCDrainStackTargetSize                   = 64                                        {product} {ergonomic}
   size_t InitialHeapSize                          = 266338304                                 {product} {ergonomic}
     bool ManagementServer                         = true                                      {product} {command line}
   size_t MarkStackSize                            = 4194304                                   {product} {ergonomic}
   size_t MaxHeapSize                              = 4248829952                                {product} {ergonomic}
   size_t MaxNewSize                               = 2548039680                                {product} {ergonomic}
   size_t MinHeapDeltaBytes                        = 2097152                                   {product} {ergonomic}
   size_t MinHeapSize                              = 8388608                                   {product} {ergonomic}
    uintx NonNMethodCodeHeapSize                   = 7549744                                {pd product} {ergonomic}
    uintx NonProfiledCodeHeapSize                  = 244108496                              {pd product} {ergonomic}
    uintx ProfiledCodeHeapSize                     = 0                                      {pd product} {ergonomic}
    uintx ReservedCodeCacheSize                    = 251658240                              {pd product} {ergonomic}
     bool SegmentedCodeCache                       = true                                      {product} {ergonomic}
     bool ShowCodeDetailsInExceptionMessages       = true                                   {manageable} {command line}
   size_t SoftMaxHeapSize                          = 4248829952                             {manageable} {ergonomic}
     intx TieredStopAtLevel                        = 1                                         {product} {command line}
     bool UseCompressedClassPointers               = true                           {product lp64_product} {ergonomic}
     bool UseCompressedOops                        = true                           {product lp64_product} {ergonomic}
     bool UseG1GC                                  = true                                      {product} {ergonomic}
     bool UseLargePagesIndividualAllocation        = false                                  {pd product} {ergonomic}

Logging:
Log output configuration:
 #0: stdout all=warning uptime,level,tags
 #1: stderr all=off uptime,level,tags

Environment Variables:
JAVA_HOME=C:\Program Files\Java\jdk-16.0.2
CLASSPATH=C:\Program Files\Java\jdk-16.0.2\lib
PATH=C:\Users\kitew\박수현_java\5.spring\sts-4.11.1.RELEASE_Quiz\plugins\org.eclipse.justj.openjdk.hotspot.jre.full.win32.x86_64_16.0.2.v20210721-1149\jre\bin;C:/Users/kitew/박수현_java/5.spring/sts-4.11.1.RELEASE_Quiz//plugins/org.eclipse.justj.openjdk.hotspot.jre.full.win32.x86_64_16.0.2.v20210721-1149/jre/bin/server;C:/Users/kitew/박수현_java/5.spring/sts-4.11.1.RELEASE_Quiz//plugins/org.eclipse.justj.openjdk.hotspot.jre.full.win32.x86_64_16.0.2.v20210721-1149/jre/bin;C:\Program Files\Common Files\Oracle\Java\javapath;C:\Program Files (x86)\Common Files\Oracle\Java\javapath;C:\Windows\system32;C:\Windows;C:\Windows\System32\Wbem;C:\Windows\System32\WindowsPowerShell\v1.0\;C:\Windows\System32\OpenSSH\;C:\Program Files (x86)\NVIDIA Corporation\PhysX\Common;C:\Program Files\NVIDIA Corporation\NVIDIA NvDLISR;C:\Program Files\dotnet\;C:\Program Files\Java\jdk-16.0.2\bin;C:\WINDOWS\system32;C:\WINDOWS;C:\WINDOWS\System32\Wbem;C:\WINDOWS\System32\WindowsPowerShell\v1.0\;C:\WINDOWS\System32\OpenSSH\;C:\Program Files\MySQL\MySQL Shell 8.0\bin\;C:\Users\kitew\AppData\Local\Microsoft\WindowsApps;C:\Program Files\Bandizip\;;C:\Users\kitew\AppData\Local\Programs\Microsoft VS Code\bin;C:\Users\kitew\박수현_java\5.spring\sts-4.11.1.RELEASE_Quiz;
USERNAME=kitew
OS=Windows_NT
PROCESSOR_IDENTIFIER=Intel64 Family 6 Model 142 Stepping 12, GenuineIntel



---------------  S Y S T E M  ---------------

OS:
 Windows 10 , 64 bit Build 19041 (10.0.19041.1151)
OS uptime: 19 days 21:50 hours

CPU: total 8 (initial active 8) (4 cores per cpu, 2 threads per core) family 6 model 142 stepping 12 microcode 0xca, cx8, cmov, fxsr, ht, mmx, 3dnowpref, sse, sse2, sse3, ssse3, sse4.1, sse4.2, popcnt, lzcnt, tsc, tscinvbit, avx, avx2, aes, erms, clmul, bmi1, bmi2, adx, fma, vzeroupper, clflush, clflushopt

Memory: 4k page, system-wide physical 16200M (8228M free)
TotalPageFile size 18632M (AvailPageFile size 5342M)
current process WorkingSet (physical memory assigned to process): 228M, peak: 289M
current process commit charge ("private bytes"): 256M, peak: 362M

vm_info: OpenJDK 64-Bit Server VM (16.0.2+7-67) for windows-amd64 JRE (16.0.2+7-67), built on Jun  8 2021 23:21:43 by "mach5one" with MS VC++ 16.7 (VS2019)

END.
